<?xml version="1.0" encoding="UTF-8"?>
<coverage generated="1612901464521" clover="3.2.0">
  <project timestamp="1612901464522" name="All files">
    <metrics statements="20" coveredstatements="11" conditionals="10" coveredconditionals="1" methods="7" coveredmethods="1" elements="37" coveredelements="13" complexity="0" loc="20" ncloc="20" packages="1" files="1" classes="1"/>
    <file name="commons.ts" path="C:\projects5\charts\utils\commons.ts">
      <metrics statements="20" coveredstatements="11" conditionals="10" coveredconditionals="1" methods="7" coveredmethods="1"/>
      <line num="1" count="1" type="stmt"/>
      <line num="3" count="1" type="stmt"/>
      <line num="5" count="1" type="stmt"/>
      <line num="6" count="1" type="stmt"/>
      <line num="7" count="1" type="stmt"/>
      <line num="9" count="1" type="cond" truecount="1" falsecount="1"/>
      <line num="12" count="1" type="stmt"/>
      <line num="13" count="0" type="cond" truecount="0" falsecount="2"/>
      <line num="16" count="1" type="stmt"/>
      <line num="17" count="0" type="cond" truecount="0" falsecount="2"/>
      <line num="20" count="1" type="stmt"/>
      <line num="21" count="0" type="cond" truecount="0" falsecount="2"/>
      <line num="24" count="1" type="stmt"/>
      <line num="25" count="0" type="stmt"/>
      <line num="26" count="0" type="cond" truecount="0" falsecount="2"/>
      <line num="28" count="0" type="stmt"/>
      <line num="33" count="1" type="stmt"/>
      <line num="34" count="0" type="stmt"/>
      <line num="35" count="0" type="stmt"/>
      <line num="36" count="0" type="stmt"/>
    </file>
  </project>
</coverage>
