{"C:\\projects5\\charts\\utils\\commons.ts": {"path":"C:\\projects5\\charts\\utils\\commons.ts","statementMap":{"0":{"start":{"line":1,"column":0},"end":{"line":1,"column":38}},"1":{"start":{"line":3,"column":29},"end":{"line":3,"column":93}},"2":{"start":{"line":3,"column":50},"end":{"line":3,"column":93}},"3":{"start":{"line":3,"column":13},"end":{"line":3,"column":29}},"4":{"start":{"line":5,"column":32},"end":{"line":10,"column":1}},"5":{"start":{"line":6,"column":24},"end":{"line":6,"column":43}},"6":{"start":{"line":7,"column":28},"end":{"line":7,"column":61}},"7":{"start":{"line":9,"column":2},"end":{"line":9,"column":null}},"8":{"start":{"line":5,"column":13},"end":{"line":5,"column":32}},"9":{"start":{"line":12,"column":32},"end":{"line":14,"column":1}},"10":{"start":{"line":13,"column":2},"end":{"line":13,"column":31}},"11":{"start":{"line":12,"column":13},"end":{"line":12,"column":32}},"12":{"start":{"line":16,"column":29},"end":{"line":18,"column":1}},"13":{"start":{"line":17,"column":2},"end":{"line":17,"column":37}},"14":{"start":{"line":16,"column":13},"end":{"line":16,"column":29}},"15":{"start":{"line":20,"column":24},"end":{"line":22,"column":1}},"16":{"start":{"line":21,"column":2},"end":{"line":21,"column":null}},"17":{"start":{"line":20,"column":13},"end":{"line":20,"column":24}},"18":{"start":{"line":24,"column":21},"end":{"line":30,"column":1}},"19":{"start":{"line":25,"column":2},"end":{"line":29,"column":null}},"20":{"start":{"line":26,"column":4},"end":{"line":26,"column":null}},"21":{"start":{"line":28,"column":4},"end":{"line":28,"column":24}},"22":{"start":{"line":24,"column":13},"end":{"line":24,"column":21}},"23":{"start":{"line":33,"column":26},"end":{"line":37,"column":1}},"24":{"start":{"line":34,"column":22},"end":{"line":34,"column":71}},"25":{"start":{"line":35,"column":22},"end":{"line":35,"column":67}},"26":{"start":{"line":36,"column":2},"end":{"line":36,"column":33}},"27":{"start":{"line":33,"column":13},"end":{"line":33,"column":26}}},"fnMap":{"0":{"name":"(anonymous_0)","decl":{"start":{"line":3,"column":29},"end":{"line":3,"column":30}},"loc":{"start":{"line":3,"column":50},"end":{"line":3,"column":93}}},"1":{"name":"(anonymous_1)","decl":{"start":{"line":5,"column":32},"end":{"line":5,"column":37}},"loc":{"start":{"line":5,"column":71},"end":{"line":10,"column":1}}},"2":{"name":"(anonymous_2)","decl":{"start":{"line":12,"column":32},"end":{"line":12,"column":33}},"loc":{"start":{"line":12,"column":57},"end":{"line":14,"column":1}}},"3":{"name":"(anonymous_3)","decl":{"start":{"line":16,"column":29},"end":{"line":16,"column":30}},"loc":{"start":{"line":16,"column":54},"end":{"line":18,"column":1}}},"4":{"name":"(anonymous_4)","decl":{"start":{"line":20,"column":24},"end":{"line":20,"column":25}},"loc":{"start":{"line":20,"column":59},"end":{"line":22,"column":1}}},"5":{"name":"(anonymous_5)","decl":{"start":{"line":24,"column":21},"end":{"line":24,"column":22}},"loc":{"start":{"line":24,"column":67},"end":{"line":30,"column":1}}},"6":{"name":"(anonymous_6)","decl":{"start":{"line":33,"column":26},"end":{"line":33,"column":30}},"loc":{"start":{"line":33,"column":55},"end":{"line":37,"column":1}}}},"branchMap":{"0":{"loc":{"start":{"line":9,"column":17},"end":{"line":9,"column":58}},"type":"binary-expr","locations":[{"start":{"line":9,"column":17},"end":{"line":9,"column":58}},{"start":{"line":9,"column":62},"end":{"line":9,"column":73}}]},"1":{"loc":{"start":{"line":13,"column":9},"end":{"line":13,"column":12}},"type":"binary-expr","locations":[{"start":{"line":13,"column":9},"end":{"line":13,"column":12}},{"start":{"line":13,"column":16},"end":{"line":13,"column":30}}]},"2":{"loc":{"start":{"line":17,"column":10},"end":{"line":17,"column":14}},"type":"binary-expr","locations":[{"start":{"line":17,"column":10},"end":{"line":17,"column":14}},{"start":{"line":17,"column":18},"end":{"line":17,"column":35}}]},"3":{"loc":{"start":{"line":21,"column":30},"end":{"line":21,"column":36}},"type":"cond-expr","locations":[{"start":{"line":21,"column":30},"end":{"line":21,"column":36}},{"start":{"line":21,"column":39},"end":{"line":21,"column":42}}]},"4":{"loc":{"start":{"line":26,"column":11},"end":{"line":26,"column":24}},"type":"binary-expr","locations":[{"start":{"line":26,"column":11},"end":{"line":26,"column":24}},{"start":{"line":26,"column":28},"end":{"line":26,"column":40}}]}},"s":{"0":1,"1":1,"2":0,"3":1,"4":1,"5":1,"6":1,"7":1,"8":1,"9":1,"10":0,"11":1,"12":1,"13":0,"14":1,"15":1,"16":0,"17":1,"18":1,"19":0,"20":0,"21":0,"22":1,"23":1,"24":0,"25":0,"26":0,"27":1},"f":{"0":0,"1":1,"2":0,"3":0,"4":0,"5":0,"6":0},"b":{"0":[1,0],"1":[0,0],"2":[0,0],"3":[0,0],"4":[0,0]}}
}
