{"C:\\projects5\\charts\\utils\\commons.ts": {"path":"C:\\projects5\\charts\\utils\\commons.ts","statementMap":{"0":{"start":{"line":1,"column":0},"end":{"line":1,"column":38}},"1":{"start":{"line":3,"column":29},"end":{"line":3,"column":93}},"2":{"start":{"line":3,"column":50},"end":{"line":3,"column":93}},"3":{"start":{"line":3,"column":13},"end":{"line":3,"column":29}},"4":{"start":{"line":5,"column":32},"end":{"line":10,"column":1}},"5":{"start":{"line":6,"column":24},"end":{"line":6,"column":43}},"6":{"start":{"line":7,"column":28},"end":{"line":7,"column":61}},"7":{"start":{"line":9,"column":2},"end":{"line":9,"column":null}},"8":{"start":{"line":5,"column":13},"end":{"line":5,"column":32}},"9":{"start":{"line":12,"column":25},"end":{"line":26,"column":1}},"10":{"start":{"line":13,"column":2},"end":{"line":25,"column":7}},"11":{"start":{"line":14,"column":24},"end":{"line":14,"column":39}},"12":{"start":{"line":16,"column":6},"end":{"line":23,"column":null}},"13":{"start":{"line":17,"column":8},"end":{"line":19,"column":null}},"14":{"start":{"line":18,"column":10},"end":{"line":18,"column":39}},"15":{"start":{"line":20,"column":8},"end":{"line":22,"column":null}},"16":{"start":{"line":21,"column":10},"end":{"line":21,"column":38}},"17":{"start":{"line":24,"column":6},"end":{"line":24,"column":21}},"18":{"start":{"line":12,"column":13},"end":{"line":12,"column":25}},"19":{"start":{"line":28,"column":32},"end":{"line":30,"column":1}},"20":{"start":{"line":29,"column":2},"end":{"line":29,"column":null}},"21":{"start":{"line":28,"column":13},"end":{"line":28,"column":32}},"22":{"start":{"line":32,"column":29},"end":{"line":34,"column":1}},"23":{"start":{"line":33,"column":2},"end":{"line":33,"column":null}},"24":{"start":{"line":32,"column":13},"end":{"line":32,"column":29}},"25":{"start":{"line":36,"column":21},"end":{"line":41,"column":1}},"26":{"start":{"line":37,"column":2},"end":{"line":37,"column":null}},"27":{"start":{"line":37,"column":26},"end":{"line":37,"column":null}},"28":{"start":{"line":38,"column":2},"end":{"line":38,"column":null}},"29":{"start":{"line":39,"column":2},"end":{"line":39,"column":null}},"30":{"start":{"line":40,"column":2},"end":{"line":40,"column":null}},"31":{"start":{"line":36,"column":13},"end":{"line":36,"column":21}},"32":{"start":{"line":43,"column":30},"end":{"line":45,"column":1}},"33":{"start":{"line":44,"column":2},"end":{"line":44,"column":null}},"34":{"start":{"line":43,"column":13},"end":{"line":43,"column":30}},"35":{"start":{"line":47,"column":24},"end":{"line":49,"column":1}},"36":{"start":{"line":48,"column":2},"end":{"line":48,"column":null}},"37":{"start":{"line":47,"column":13},"end":{"line":47,"column":24}},"38":{"start":{"line":51,"column":21},"end":{"line":57,"column":1}},"39":{"start":{"line":52,"column":2},"end":{"line":56,"column":null}},"40":{"start":{"line":53,"column":4},"end":{"line":53,"column":null}},"41":{"start":{"line":55,"column":4},"end":{"line":55,"column":null}},"42":{"start":{"line":51,"column":13},"end":{"line":51,"column":21}},"43":{"start":{"line":60,"column":26},"end":{"line":64,"column":1}},"44":{"start":{"line":61,"column":22},"end":{"line":61,"column":71}},"45":{"start":{"line":62,"column":22},"end":{"line":62,"column":67}},"46":{"start":{"line":63,"column":2},"end":{"line":63,"column":null}},"47":{"start":{"line":60,"column":13},"end":{"line":60,"column":26}}},"fnMap":{"0":{"name":"(anonymous_0)","decl":{"start":{"line":3,"column":29},"end":{"line":3,"column":30}},"loc":{"start":{"line":3,"column":50},"end":{"line":3,"column":93}}},"1":{"name":"(anonymous_1)","decl":{"start":{"line":5,"column":32},"end":{"line":5,"column":37}},"loc":{"start":{"line":5,"column":71},"end":{"line":10,"column":1}}},"2":{"name":"(anonymous_2)","decl":{"start":{"line":12,"column":25},"end":{"line":12,"column":30}},"loc":{"start":{"line":12,"column":61},"end":{"line":26,"column":1}}},"3":{"name":"(anonymous_3)","decl":{"start":{"line":14,"column":10},"end":{"line":14,"column":11}},"loc":{"start":{"line":14,"column":24},"end":{"line":14,"column":39}}},"4":{"name":"(anonymous_4)","decl":{"start":{"line":15,"column":10},"end":{"line":15,"column":11}},"loc":{"start":{"line":15,"column":22},"end":{"line":25,"column":5}}},"5":{"name":"(anonymous_5)","decl":{"start":{"line":28,"column":32},"end":{"line":28,"column":33}},"loc":{"start":{"line":28,"column":57},"end":{"line":30,"column":1}}},"6":{"name":"(anonymous_6)","decl":{"start":{"line":32,"column":29},"end":{"line":32,"column":30}},"loc":{"start":{"line":32,"column":54},"end":{"line":34,"column":1}}},"7":{"name":"(anonymous_7)","decl":{"start":{"line":36,"column":21},"end":{"line":36,"column":22}},"loc":{"start":{"line":36,"column":45},"end":{"line":41,"column":1}}},"8":{"name":"(anonymous_8)","decl":{"start":{"line":43,"column":30},"end":{"line":43,"column":31}},"loc":{"start":{"line":43,"column":76},"end":{"line":45,"column":1}}},"9":{"name":"(anonymous_9)","decl":{"start":{"line":47,"column":24},"end":{"line":47,"column":25}},"loc":{"start":{"line":47,"column":59},"end":{"line":49,"column":1}}},"10":{"name":"(anonymous_10)","decl":{"start":{"line":51,"column":21},"end":{"line":51,"column":22}},"loc":{"start":{"line":51,"column":67},"end":{"line":57,"column":1}}},"11":{"name":"(anonymous_11)","decl":{"start":{"line":60,"column":26},"end":{"line":60,"column":30}},"loc":{"start":{"line":60,"column":55},"end":{"line":64,"column":1}}}},"branchMap":{"0":{"loc":{"start":{"line":9,"column":17},"end":{"line":9,"column":58}},"type":"binary-expr","locations":[{"start":{"line":9,"column":17},"end":{"line":9,"column":58}},{"start":{"line":9,"column":62},"end":{"line":9,"column":73}}]},"1":{"loc":{"start":{"line":16,"column":6},"end":{"line":23,"column":null}},"type":"if","locations":[{"start":{"line":16,"column":6},"end":{"line":23,"column":null}},{"start":{"line":16,"column":6},"end":{"line":23,"column":null}}]},"2":{"loc":{"start":{"line":17,"column":8},"end":{"line":19,"column":null}},"type":"if","locations":[{"start":{"line":17,"column":8},"end":{"line":19,"column":null}},{"start":{"line":17,"column":8},"end":{"line":19,"column":null}}]},"3":{"loc":{"start":{"line":20,"column":8},"end":{"line":22,"column":null}},"type":"if","locations":[{"start":{"line":20,"column":8},"end":{"line":22,"column":null}},{"start":{"line":20,"column":8},"end":{"line":22,"column":null}}]},"4":{"loc":{"start":{"line":29,"column":9},"end":{"line":29,"column":12}},"type":"binary-expr","locations":[{"start":{"line":29,"column":9},"end":{"line":29,"column":12}},{"start":{"line":29,"column":16},"end":{"line":29,"column":30}}]},"5":{"loc":{"start":{"line":33,"column":10},"end":{"line":33,"column":14}},"type":"binary-expr","locations":[{"start":{"line":33,"column":10},"end":{"line":33,"column":14}},{"start":{"line":33,"column":18},"end":{"line":33,"column":35}}]},"6":{"loc":{"start":{"line":37,"column":2},"end":{"line":37,"column":null}},"type":"if","locations":[{"start":{"line":37,"column":2},"end":{"line":37,"column":null}},{"start":{"line":37,"column":2},"end":{"line":37,"column":null}}]},"7":{"loc":{"start":{"line":38,"column":33},"end":{"line":38,"column":36}},"type":"cond-expr","locations":[{"start":{"line":38,"column":33},"end":{"line":38,"column":36}},{"start":{"line":38,"column":39},"end":{"line":38,"column":54}}]},"8":{"loc":{"start":{"line":39,"column":32},"end":{"line":39,"column":35}},"type":"cond-expr","locations":[{"start":{"line":39,"column":32},"end":{"line":39,"column":35}},{"start":{"line":39,"column":38},"end":{"line":39,"column":51}}]},"9":{"loc":{"start":{"line":44,"column":30},"end":{"line":44,"column":42}},"type":"cond-expr","locations":[{"start":{"line":44,"column":30},"end":{"line":44,"column":42}},{"start":{"line":44,"column":45},"end":{"line":44,"column":48}}]},"10":{"loc":{"start":{"line":48,"column":30},"end":{"line":48,"column":36}},"type":"cond-expr","locations":[{"start":{"line":48,"column":30},"end":{"line":48,"column":36}},{"start":{"line":48,"column":39},"end":{"line":48,"column":42}}]},"11":{"loc":{"start":{"line":53,"column":11},"end":{"line":53,"column":24}},"type":"binary-expr","locations":[{"start":{"line":53,"column":11},"end":{"line":53,"column":24}},{"start":{"line":53,"column":28},"end":{"line":53,"column":40}}]}},"s":{"0":1,"1":1,"2":0,"3":1,"4":1,"5":1,"6":1,"7":1,"8":1,"9":1,"10":0,"11":0,"12":0,"13":0,"14":0,"15":0,"16":0,"17":0,"18":1,"19":1,"20":0,"21":1,"22":1,"23":0,"24":1,"25":1,"26":0,"27":0,"28":0,"29":0,"30":0,"31":1,"32":1,"33":0,"34":1,"35":1,"36":0,"37":1,"38":1,"39":0,"40":0,"41":0,"42":1,"43":1,"44":0,"45":0,"46":0,"47":1},"f":{"0":0,"1":1,"2":0,"3":0,"4":0,"5":0,"6":0,"7":0,"8":0,"9":0,"10":0,"11":0},"b":{"0":[1,0],"1":[0,0],"2":[0,0],"3":[0,0],"4":[0,0],"5":[0,0],"6":[0,0],"7":[0,0],"8":[0,0],"9":[0,0],"10":[0,0],"11":[0,0]}}
}
